<?xml version="1.0" encoding="UTF-8"?>
<testsuite name="no.hvl.Lab1.PollScenarioTest" tests="1" skipped="0" failures="0" errors="0" timestamp="2025-08-31T12:39:33.152Z" hostname="Tolos-MacBook-Air.local" time="0.136">
  <properties/>
  <testcase name="scenario_shouldWorkWith200or201()" classname="no.hvl.Lab1.PollScenarioTest" time="0.136"/>
  <system-out><![CDATA[2025-08-31T14:39:32.839+02:00  INFO 63032 --- [Lab1] [    Test worker] t.c.s.AnnotationConfigContextLoaderUtils : Could not detect default configuration classes for test class [no.hvl.Lab1.PollScenarioTest]: PollScenarioTest does not declare any static, non-private, non-final, nested classes annotated with @Configuration.
2025-08-31T14:39:32.840+02:00  INFO 63032 --- [Lab1] [    Test worker] .b.t.c.SpringBootTestContextBootstrapper : Found @SpringBootConfiguration no.hvl.Lab1.Lab1Application for test class no.hvl.Lab1.PollScenarioTest

  .   ____          _            __ _ _
 /\\ / ___'_ __ _ _(_)_ __  __ _ \ \ \ \
( ( )\___ | '_ | '_| | '_ \/ _` | \ \ \ \
 \\/  ___)| |_)| | | | | || (_| |  ) ) ) )
  '  |____| .__|_| |_|_| |_\__, | / / / /
 =========|_|==============|___/=/_/_/_/
 :: Spring Boot ::                (v3.2.5)

2025-08-31T14:39:32.853+02:00  INFO 63032 --- [Lab1] [    Test worker] no.hvl.Lab1.PollScenarioTest             : Starting PollScenarioTest using Java 21.0.8 with PID 63032 (started by thoma in /Users/thoma/Desktop/Lab1)
2025-08-31T14:39:32.853+02:00  INFO 63032 --- [Lab1] [    Test worker] no.hvl.Lab1.PollScenarioTest             : No active profile set, falling back to 1 default profile: "default"
2025-08-31T14:39:33.038+02:00  INFO 63032 --- [Lab1] [    Test worker] o.s.b.w.embedded.tomcat.TomcatWebServer  : Tomcat initialized with port 0 (http)
2025-08-31T14:39:33.045+02:00  INFO 63032 --- [Lab1] [    Test worker] o.apache.catalina.core.StandardService   : Starting service [Tomcat]
2025-08-31T14:39:33.045+02:00  INFO 63032 --- [Lab1] [    Test worker] o.apache.catalina.core.StandardEngine    : Starting Servlet engine: [Apache Tomcat/10.1.20]
2025-08-31T14:39:33.069+02:00  INFO 63032 --- [Lab1] [    Test worker] o.a.c.c.C.[Tomcat].[localhost].[/]       : Initializing Spring embedded WebApplicationContext
2025-08-31T14:39:33.069+02:00  INFO 63032 --- [Lab1] [    Test worker] w.s.c.ServletWebServerApplicationContext : Root WebApplicationContext: initialization completed in 215 ms
2025-08-31T14:39:33.148+02:00  INFO 63032 --- [Lab1] [    Test worker] o.s.b.w.embedded.tomcat.TomcatWebServer  : Tomcat started on port 59444 (http) with context path ''
2025-08-31T14:39:33.150+02:00  INFO 63032 --- [Lab1] [    Test worker] no.hvl.Lab1.PollScenarioTest             : Started PollScenarioTest in 0.308 seconds (process running for 2.11)
2025-08-31T14:39:33.201+02:00  INFO 63032 --- [Lab1] [o-auto-1-exec-1] o.a.c.c.C.[Tomcat].[localhost].[/]       : Initializing Spring DispatcherServlet 'dispatcherServlet'
2025-08-31T14:39:33.202+02:00  INFO 63032 --- [Lab1] [o-auto-1-exec-1] o.s.web.servlet.DispatcherServlet        : Initializing Servlet 'dispatcherServlet'
2025-08-31T14:39:33.202+02:00  INFO 63032 --- [Lab1] [o-auto-1-exec-1] o.s.web.servlet.DispatcherServlet        : Completed initialization in 0 ms
]]></system-out>
  <system-err><![CDATA[]]></system-err>
</testsuite>
