<?xml version="1.0" encoding="UTF-8"?>
<testsuite name="no.hvl.Lab1.Lab1ApplicationTests" tests="1" skipped="0" failures="0" errors="0" timestamp="2025-08-26T09:32:33.159Z" hostname="Tolos-MacBook-Air.local" time="0.611">
  <properties/>
  <testcase name="contextLoads()" classname="no.hvl.Lab1.Lab1ApplicationTests" time="0.611"/>
  <system-out><![CDATA[11:32:32.539 [Test worker] INFO org.springframework.test.context.support.AnnotationConfigContextLoaderUtils -- Could not detect default configuration classes for test class [no.hvl.Lab1.Lab1ApplicationTests]: Lab1ApplicationTests does not declare any static, non-private, non-final, nested classes annotated with @Configuration.
11:32:32.582 [Test worker] INFO org.springframework.boot.test.context.SpringBootTestContextBootstrapper -- Found @SpringBootConfiguration no.hvl.Lab1.Lab1Application for test class no.hvl.Lab1.Lab1ApplicationTests

  .   ____          _            __ _ _
 /\\ / ___'_ __ _ _(_)_ __  __ _ \ \ \ \
( ( )\___ | '_ | '_| | '_ \/ _` | \ \ \ \
 \\/  ___)| |_)| | | | | || (_| |  ) ) ) )
  '  |____| .__|_| |_|_| |_\__, | / / / /
 =========|_|==============|___/=/_/_/_/

 :: Spring Boot ::                (v3.5.5)

2025-08-26T11:32:32.753+02:00  INFO 63180 --- [Lab1] [    Test worker] no.hvl.Lab1.Lab1ApplicationTests         : Starting Lab1ApplicationTests using Java 21.0.8 with PID 63180 (started by thoma in /Users/thoma/Desktop/Lab1)
2025-08-26T11:32:32.754+02:00  INFO 63180 --- [Lab1] [    Test worker] no.hvl.Lab1.Lab1ApplicationTests         : No active profile set, falling back to 1 default profile: "default"
2025-08-26T11:32:33.153+02:00  INFO 63180 --- [Lab1] [    Test worker] no.hvl.Lab1.Lab1ApplicationTests         : Started Lab1ApplicationTests in 0.515 seconds (process running for 1.063)
]]></system-out>
  <system-err><![CDATA[Mockito is currently self-attaching to enable the inline-mock-maker. This will no longer work in future releases of the JDK. Please add Mockito as an agent to your build as described in Mockito's documentation: https://javadoc.io/doc/org.mockito/mockito-core/latest/org.mockito/org/mockito/Mockito.html#0.3
WARNING: A Java agent has been loaded dynamically (/Users/thoma/.gradle/caches/modules-2/files-2.1/net.bytebuddy/byte-buddy-agent/1.17.7/fbf3d6d649ed37fc9e9c59480a05be0a26e3c2da/byte-buddy-agent-1.17.7.jar)
WARNING: If a serviceability tool is in use, please run with -XX:+EnableDynamicAgentLoading to hide this warning
WARNING: If a serviceability tool is not in use, please run with -Djdk.instrument.traceUsage for more information
WARNING: Dynamic loading of agents will be disallowed by default in a future release
]]></system-err>
</testsuite>
